<?xml version="1.0" encoding="UTF-8" ?>
<testsuite errors="0" failures="0" hostname="Puppet" name="com.visionarysoftwaresolutions.restaurant.menu.MenuTests" tests="4" time="2.505" timestamp="2012-03-05T07:35:38">
  <properties />
  <testcase classname="com.visionarysoftwaresolutions.restaurant.menu.MenuTests" name="testChildMenus" time="1.691" />
  <testcase classname="com.visionarysoftwaresolutions.restaurant.menu.MenuTests" name="testValidMenus" time="0.057" />
  <testcase classname="com.visionarysoftwaresolutions.restaurant.menu.MenuTests" name="testInvalidMenuNoRestaurant" time="0.079" />
  <testcase classname="com.visionarysoftwaresolutions.restaurant.menu.MenuTests" name="testValidMenu" time="0.053" />
  <system-out><![CDATA[--Output from testChildMenus--
--Output from testValidMenus--
--Output from testInvalidMenuNoRestaurant--
--Output from testValidMenu--
]]></system-out>
  <system-err><![CDATA[--Output from testChildMenus--
--Output from testValidMenus--
--Output from testInvalidMenuNoRestaurant--
--Output from testValidMenu--
]]></system-err>
</testsuite>
