<?xml version="1.0" encoding="UTF-8" ?>
<testsuite errors="0" failures="0" hostname="Puppet" name="com.visionarysoftwaresolutions.restaurant.PublicitySourceTests" tests="4" time="1.792" timestamp="2012-03-05T07:35:51">
  <properties />
  <testcase classname="com.visionarysoftwaresolutions.restaurant.PublicitySourceTests" name="testNonBadUrl" time="0.831" />
  <testcase classname="com.visionarysoftwaresolutions.restaurant.PublicitySourceTests" name="testNonUniqueName" time="0.094" />
  <testcase classname="com.visionarysoftwaresolutions.restaurant.PublicitySourceTests" name="testBlankName" time="0.039" />
  <testcase classname="com.visionarysoftwaresolutions.restaurant.PublicitySourceTests" name="testValidPublicitySource" time="0.043" />
  <system-out><![CDATA[--Output from testNonBadUrl--
--Output from testNonUniqueName--
--Output from testBlankName--
--Output from testValidPublicitySource--
]]></system-out>
  <system-err><![CDATA[--Output from testNonBadUrl--
--Output from testNonUniqueName--
--Output from testBlankName--
--Output from testValidPublicitySource--
]]></system-err>
</testsuite>
