<?xml version="1.0" encoding="UTF-8" ?>
<testsuite errors="0" failures="0" hostname="Puppet" name="com.visionarysoftwaresolutions.restaurant.menu.MenuItemControllerTests" tests="3" time="10.369" timestamp="2012-03-05T07:35:25">
  <properties />
  <testcase classname="com.visionarysoftwaresolutions.restaurant.menu.MenuItemControllerTests" name="testRetrievingMenuItemBarCode" time="9.209" />
  <testcase classname="com.visionarysoftwaresolutions.restaurant.menu.MenuItemControllerTests" name="testRetrievingMenuItemPicture" time="0.313" />
  <testcase classname="com.visionarysoftwaresolutions.restaurant.menu.MenuItemControllerTests" name="testShowingAMenuItem" time="0.239" />
  <system-out><![CDATA[--Output from testRetrievingMenuItemBarCode--
--Output from testRetrievingMenuItemPicture--
--Output from testShowingAMenuItem--
]]></system-out>
  <system-err><![CDATA[--Output from testRetrievingMenuItemBarCode--
--Output from testRetrievingMenuItemPicture--
--Output from testShowingAMenuItem--
]]></system-err>
</testsuite>
