<?xml version="1.0" encoding="UTF-8" ?>
<testsuite errors="0" failures="0" hostname="Puppet" name="com.visionarysoftwaresolutions.restaurant.nutrition.NutritionalInformationTests" tests="15" time="2.452" timestamp="2012-03-05T07:35:42">
  <properties />
  <testcase classname="com.visionarysoftwaresolutions.restaurant.nutrition.NutritionalInformationTests" name="testInvalidNegativeCholesterol" time="0.477" />
  <testcase classname="com.visionarysoftwaresolutions.restaurant.nutrition.NutritionalInformationTests" name="testInvalidNegativeTotalCarbohydrate" time="0.051" />
  <testcase classname="com.visionarysoftwaresolutions.restaurant.nutrition.NutritionalInformationTests" name="testInvalidNegativeDietaryFiber" time="0.093" />
  <testcase classname="com.visionarysoftwaresolutions.restaurant.nutrition.NutritionalInformationTests" name="testInvalidNegativeCaloriesFromFat" time="0.075" />
  <testcase classname="com.visionarysoftwaresolutions.restaurant.nutrition.NutritionalInformationTests" name="testInvalidTooBigCaloriesFromFat" time="0.085" />
  <testcase classname="com.visionarysoftwaresolutions.restaurant.nutrition.NutritionalInformationTests" name="testInvalidNegativeSaturatedFat" time="0.064" />
  <testcase classname="com.visionarysoftwaresolutions.restaurant.nutrition.NutritionalInformationTests" name="testInvalidTooBigDietaryFiber" time="0.092" />
  <testcase classname="com.visionarysoftwaresolutions.restaurant.nutrition.NutritionalInformationTests" name="testCombinedNutritionalInformation" time="0.2" />
  <testcase classname="com.visionarysoftwaresolutions.restaurant.nutrition.NutritionalInformationTests" name="testInvalidNegativeSodium" time="0.143" />
  <testcase classname="com.visionarysoftwaresolutions.restaurant.nutrition.NutritionalInformationTests" name="testInvalidNegativeTransFat" time="0.062" />
  <testcase classname="com.visionarysoftwaresolutions.restaurant.nutrition.NutritionalInformationTests" name="testInvalidNegativeCalories" time="0.054" />
  <testcase classname="com.visionarysoftwaresolutions.restaurant.nutrition.NutritionalInformationTests" name="testInvalidNegativeSugars" time="0.063" />
  <testcase classname="com.visionarysoftwaresolutions.restaurant.nutrition.NutritionalInformationTests" name="testInvalidTooBigSugars" time="0.064" />
  <testcase classname="com.visionarysoftwaresolutions.restaurant.nutrition.NutritionalInformationTests" name="testInvalidNegativeProtein" time="0.067" />
  <testcase classname="com.visionarysoftwaresolutions.restaurant.nutrition.NutritionalInformationTests" name="testCalculateTotalFat" time="0.034" />
  <system-out><![CDATA[--Output from testInvalidNegativeCholesterol--
--Output from testInvalidNegativeTotalCarbohydrate--
--Output from testInvalidNegativeDietaryFiber--
--Output from testInvalidNegativeCaloriesFromFat--
--Output from testInvalidTooBigCaloriesFromFat--
--Output from testInvalidNegativeSaturatedFat--
--Output from testInvalidTooBigDietaryFiber--
--Output from testCombinedNutritionalInformation--
--Output from testInvalidNegativeSodium--
--Output from testInvalidNegativeTransFat--
--Output from testInvalidNegativeCalories--
--Output from testInvalidNegativeSugars--
--Output from testInvalidTooBigSugars--
--Output from testInvalidNegativeProtein--
--Output from testCalculateTotalFat--
]]></system-out>
  <system-err><![CDATA[--Output from testInvalidNegativeCholesterol--
--Output from testInvalidNegativeTotalCarbohydrate--
--Output from testInvalidNegativeDietaryFiber--
--Output from testInvalidNegativeCaloriesFromFat--
--Output from testInvalidTooBigCaloriesFromFat--
--Output from testInvalidNegativeSaturatedFat--
--Output from testInvalidTooBigDietaryFiber--
--Output from testCombinedNutritionalInformation--
--Output from testInvalidNegativeSodium--
--Output from testInvalidNegativeTransFat--
--Output from testInvalidNegativeCalories--
--Output from testInvalidNegativeSugars--
--Output from testInvalidTooBigSugars--
--Output from testInvalidNegativeProtein--
--Output from testCalculateTotalFat--
]]></system-err>
</testsuite>
