<?xml version="1.0" encoding="UTF-8" ?>
<testsuite errors="0" failures="0" hostname="Puppet" name="com.visionarysoftwaresolutions.restaurant.nutrition.ServingTests" tests="2" time="1.131" timestamp="2012-03-05T07:35:50">
  <properties />
  <testcase classname="com.visionarysoftwaresolutions.restaurant.nutrition.ServingTests" name="testInvalidNegativeServingSize" time="0.462" />
  <testcase classname="com.visionarysoftwaresolutions.restaurant.nutrition.ServingTests" name="testInvalidBlankServingName" time="0.041" />
  <system-out><![CDATA[--Output from testInvalidNegativeServingSize--
--Output from testInvalidBlankServingName--
]]></system-out>
  <system-err><![CDATA[--Output from testInvalidNegativeServingSize--
--Output from testInvalidBlankServingName--
]]></system-err>
</testsuite>
