<?xml version="1.0" encoding="UTF-8" ?>
<testsuite errors="0" failures="0" hostname="Puppet" name="com.visionarysoftwaresolutions.restaurant.CapriIntegrationTests" tests="4" time="2.66" timestamp="2012-03-05T07:36:44">
  <properties />
  <testcase classname="com.visionarysoftwaresolutions.restaurant.CapriIntegrationTests" name="testSetupRestaurant" time="1.344" />
  <testcase classname="com.visionarysoftwaresolutions.restaurant.CapriIntegrationTests" name="testBuildMenu" time="0.234" />
  <testcase classname="com.visionarysoftwaresolutions.restaurant.CapriIntegrationTests" name="testBuildRecipes" time="0.591" />
  <testcase classname="com.visionarysoftwaresolutions.restaurant.CapriIntegrationTests" name="testAddMenuItems" time="0.47" />
  <system-out><![CDATA[--Output from testSetupRestaurant--
--Output from testBuildMenu--
--Output from testBuildRecipes--
--Output from testAddMenuItems--
]]></system-out>
  <system-err><![CDATA[--Output from testSetupRestaurant--
--Output from testBuildMenu--
--Output from testBuildRecipes--
--Output from testAddMenuItems--
]]></system-err>
</testsuite>
