<?xml version="1.0" encoding="UTF-8" ?>
<testsuite errors="0" failures="0" hostname="Puppet" name="com.visionarysoftwaresolutions.location.ContactInformationTests" tests="5" time="6.072" timestamp="2012-03-05T07:35:13">
  <properties />
  <testcase classname="com.visionarysoftwaresolutions.location.ContactInformationTests" name="testValidNullPhoneNumber" time="4.474" />
  <testcase classname="com.visionarysoftwaresolutions.location.ContactInformationTests" name="testValidNullEmail" time="0.096" />
  <testcase classname="com.visionarysoftwaresolutions.location.ContactInformationTests" name="testValidContactInformation" time="0.089" />
  <testcase classname="com.visionarysoftwaresolutions.location.ContactInformationTests" name="testValidNullVirtualSpots" time="0.087" />
  <testcase classname="com.visionarysoftwaresolutions.location.ContactInformationTests" name="testInvalidEmail" time="0.176" />
  <system-out><![CDATA[--Output from testValidNullPhoneNumber--
--Output from testValidNullEmail--
--Output from testValidContactInformation--
--Output from testValidNullVirtualSpots--
--Output from testInvalidEmail--
]]></system-out>
  <system-err><![CDATA[--Output from testValidNullPhoneNumber--
--Output from testValidNullEmail--
--Output from testValidContactInformation--
--Output from testValidNullVirtualSpots--
--Output from testInvalidEmail--
]]></system-err>
</testsuite>
