<?xml version="1.0" encoding="UTF-8" ?>
<testsuite errors="0" failures="0" hostname="Puppet" name="com.visionarysoftwaresolutions.restaurant.RestaurantTests" tests="5" time="0.797" timestamp="2012-03-05T07:35:53">
  <properties />
  <testcase classname="com.visionarysoftwaresolutions.restaurant.RestaurantTests" name="testInvalidRestaurantNoSchedule" time="0.518" />
  <testcase classname="com.visionarysoftwaresolutions.restaurant.RestaurantTests" name="testInvalidRestaurantNoLocation" time="0.063" />
  <testcase classname="com.visionarysoftwaresolutions.restaurant.RestaurantTests" name="testInvalidConflictingRestaurants" time="0.063" />
  <testcase classname="com.visionarysoftwaresolutions.restaurant.RestaurantTests" name="testInvalidBlankNameRestaurant" time="0.045" />
  <testcase classname="com.visionarysoftwaresolutions.restaurant.RestaurantTests" name="testValidRestaurant" time="0.052" />
  <system-out><![CDATA[--Output from testInvalidRestaurantNoSchedule--
--Output from testInvalidRestaurantNoLocation--
--Output from testInvalidConflictingRestaurants--
--Output from testInvalidBlankNameRestaurant--
--Output from testValidRestaurant--
]]></system-out>
  <system-err><![CDATA[--Output from testInvalidRestaurantNoSchedule--
--Output from testInvalidRestaurantNoLocation--
--Output from testInvalidConflictingRestaurants--
--Output from testInvalidBlankNameRestaurant--
--Output from testValidRestaurant--
]]></system-err>
</testsuite>
